[02-Nov-2019 17:33:34 Europe/Moscow] PHP Fatal error:  Uncaught Error: Call to undefined function locale_accept_from_http() in D:\Programs\Web\OSPanel\domains\kavo\index.php:19
Stack trace:
#0 {main}
  thrown in D:\Programs\Web\OSPanel\domains\kavo\index.php on line 19
[02-Nov-2019 17:35:33 Europe/Moscow] PHP Warning:  The first parameter of bindtextdomain must not be empty in D:\Programs\Web\OSPanel\domains\kavo\index.php on line 17
[02-Nov-2019 17:35:33 Europe/Moscow] PHP Deprecated:  Methods with the same name as their class will not be constructors in a future version of PHP; DB has a deprecated constructor in D:\Programs\Web\OSPanel\domains\kavo\classes\db.class.php on line 3
[02-Nov-2019 17:35:33 Europe/Moscow] PHP Deprecated:  Methods with the same name as their class will not be constructors in a future version of PHP; User has a deprecated constructor in D:\Programs\Web\OSPanel\domains\kavo\classes\user.class.php on line 2
[02-Nov-2019 17:35:33 Europe/Moscow] PHP Deprecated:  Methods with the same name as their class will not be constructors in a future version of PHP; Menu has a deprecated constructor in D:\Programs\Web\OSPanel\domains\kavo\classes\menu.class.php on line 2
[02-Nov-2019 17:35:33 Europe/Moscow] PHP Warning:  mysqli_connect(): (HY000/1045): Access denied for user 'reversranks'@'localhost' (using password: YES) in D:\Programs\Web\OSPanel\domains\kavo\classes\db.class.php on line 52
[02-Nov-2019 17:39:05 Europe/Moscow] PHP Warning:  The first parameter of bindtextdomain must not be empty in D:\Programs\Web\OSPanel\domains\kavo\index.php on line 17
[02-Nov-2019 17:39:05 Europe/Moscow] PHP Deprecated:  Methods with the same name as their class will not be constructors in a future version of PHP; DB has a deprecated constructor in D:\Programs\Web\OSPanel\domains\kavo\classes\db.class.php on line 3
[02-Nov-2019 17:39:05 Europe/Moscow] PHP Deprecated:  Methods with the same name as their class will not be constructors in a future version of PHP; User has a deprecated constructor in D:\Programs\Web\OSPanel\domains\kavo\classes\user.class.php on line 2
[02-Nov-2019 17:39:05 Europe/Moscow] PHP Deprecated:  Methods with the same name as their class will not be constructors in a future version of PHP; Menu has a deprecated constructor in D:\Programs\Web\OSPanel\domains\kavo\classes\menu.class.php on line 2
[02-Nov-2019 17:39:06 Europe/Moscow] PHP Warning:  mysqli_connect(): (HY000/1045): Access denied for user 'reversranks'@'localhost' (using password: YES) in D:\Programs\Web\OSPanel\domains\kavo\classes\db.class.php on line 52
[02-Nov-2019 17:39:23 Europe/Moscow] PHP Warning:  The first parameter of bindtextdomain must not be empty in D:\Programs\Web\OSPanel\domains\kavo\index.php on line 17
[02-Nov-2019 17:39:23 Europe/Moscow] PHP Deprecated:  Methods with the same name as their class will not be constructors in a future version of PHP; DB has a deprecated constructor in D:\Programs\Web\OSPanel\domains\kavo\classes\db.class.php on line 3
[02-Nov-2019 17:39:23 Europe/Moscow] PHP Deprecated:  Methods with the same name as their class will not be constructors in a future version of PHP; User has a deprecated constructor in D:\Programs\Web\OSPanel\domains\kavo\classes\user.class.php on line 2
[02-Nov-2019 17:39:23 Europe/Moscow] PHP Deprecated:  Methods with the same name as their class will not be constructors in a future version of PHP; Menu has a deprecated constructor in D:\Programs\Web\OSPanel\domains\kavo\classes\menu.class.php on line 2
[02-Nov-2019 17:39:23 Europe/Moscow] PHP Warning:  Invalid argument supplied for foreach() in D:\Programs\Web\OSPanel\domains\kavo\classes\user.class.php on line 39
[02-Nov-2019 17:40:48 Europe/Moscow] PHP Warning:  The first parameter of bindtextdomain must not be empty in D:\Programs\Web\OSPanel\domains\kavo\index.php on line 17
[02-Nov-2019 17:40:48 Europe/Moscow] PHP Deprecated:  Methods with the same name as their class will not be constructors in a future version of PHP; DB has a deprecated constructor in D:\Programs\Web\OSPanel\domains\kavo\classes\db.class.php on line 3
[02-Nov-2019 17:40:48 Europe/Moscow] PHP Deprecated:  Methods with the same name as their class will not be constructors in a future version of PHP; User has a deprecated constructor in D:\Programs\Web\OSPanel\domains\kavo\classes\user.class.php on line 2
[02-Nov-2019 17:40:48 Europe/Moscow] PHP Deprecated:  Methods with the same name as their class will not be constructors in a future version of PHP; Menu has a deprecated constructor in D:\Programs\Web\OSPanel\domains\kavo\classes\menu.class.php on line 2
[02-Nov-2019 17:40:48 Europe/Moscow] PHP Warning:  Invalid argument supplied for foreach() in D:\Programs\Web\OSPanel\domains\kavo\classes\user.class.php on line 39
[02-Nov-2019 17:40:54 Europe/Moscow] PHP Warning:  The first parameter of bindtextdomain must not be empty in D:\Programs\Web\OSPanel\domains\kavo\index.php on line 17
[02-Nov-2019 17:40:54 Europe/Moscow] PHP Deprecated:  Methods with the same name as their class will not be constructors in a future version of PHP; DB has a deprecated constructor in D:\Programs\Web\OSPanel\domains\kavo\classes\db.class.php on line 3
[02-Nov-2019 17:40:54 Europe/Moscow] PHP Deprecated:  Methods with the same name as their class will not be constructors in a future version of PHP; User has a deprecated constructor in D:\Programs\Web\OSPanel\domains\kavo\classes\user.class.php on line 2
[02-Nov-2019 17:40:54 Europe/Moscow] PHP Deprecated:  Methods with the same name as their class will not be constructors in a future version of PHP; Menu has a deprecated constructor in D:\Programs\Web\OSPanel\domains\kavo\classes\menu.class.php on line 2
[02-Nov-2019 17:40:54 Europe/Moscow] PHP Warning:  Invalid argument supplied for foreach() in D:\Programs\Web\OSPanel\domains\kavo\classes\user.class.php on line 39
[02-Nov-2019 17:41:25 Europe/Moscow] PHP Warning:  The first parameter of bindtextdomain must not be empty in D:\Programs\Web\OSPanel\domains\kavo\index.php on line 17
[02-Nov-2019 17:41:25 Europe/Moscow] PHP Deprecated:  Methods with the same name as their class will not be constructors in a future version of PHP; DB has a deprecated constructor in D:\Programs\Web\OSPanel\domains\kavo\classes\db.class.php on line 3
[02-Nov-2019 17:41:25 Europe/Moscow] PHP Deprecated:  Methods with the same name as their class will not be constructors in a future version of PHP; User has a deprecated constructor in D:\Programs\Web\OSPanel\domains\kavo\classes\user.class.php on line 2
[02-Nov-2019 17:41:25 Europe/Moscow] PHP Deprecated:  Methods with the same name as their class will not be constructors in a future version of PHP; Menu has a deprecated constructor in D:\Programs\Web\OSPanel\domains\kavo\classes\menu.class.php on line 2
[02-Nov-2019 17:41:25 Europe/Moscow] PHP Warning:  Invalid argument supplied for foreach() in D:\Programs\Web\OSPanel\domains\kavo\classes\user.class.php on line 39
[02-Nov-2019 17:41:27 Europe/Moscow] PHP Warning:  The first parameter of bindtextdomain must not be empty in D:\Programs\Web\OSPanel\domains\kavo\index.php on line 17
[02-Nov-2019 17:41:27 Europe/Moscow] PHP Deprecated:  Methods with the same name as their class will not be constructors in a future version of PHP; DB has a deprecated constructor in D:\Programs\Web\OSPanel\domains\kavo\classes\db.class.php on line 3
[02-Nov-2019 17:41:27 Europe/Moscow] PHP Deprecated:  Methods with the same name as their class will not be constructors in a future version of PHP; User has a deprecated constructor in D:\Programs\Web\OSPanel\domains\kavo\classes\user.class.php on line 2
[02-Nov-2019 17:41:27 Europe/Moscow] PHP Deprecated:  Methods with the same name as their class will not be constructors in a future version of PHP; Menu has a deprecated constructor in D:\Programs\Web\OSPanel\domains\kavo\classes\menu.class.php on line 2
[02-Nov-2019 17:41:27 Europe/Moscow] PHP Warning:  Invalid argument supplied for foreach() in D:\Programs\Web\OSPanel\domains\kavo\classes\user.class.php on line 39
[02-Nov-2019 17:42:06 Europe/Moscow] PHP Warning:  The first parameter of bindtextdomain must not be empty in D:\Programs\Web\OSPanel\domains\kavo\index.php on line 17
[02-Nov-2019 17:42:06 Europe/Moscow] PHP Deprecated:  Methods with the same name as their class will not be constructors in a future version of PHP; DB has a deprecated constructor in D:\Programs\Web\OSPanel\domains\kavo\classes\db.class.php on line 3
[02-Nov-2019 17:42:06 Europe/Moscow] PHP Deprecated:  Methods with the same name as their class will not be constructors in a future version of PHP; User has a deprecated constructor in D:\Programs\Web\OSPanel\domains\kavo\classes\user.class.php on line 2
[02-Nov-2019 17:42:06 Europe/Moscow] PHP Deprecated:  Methods with the same name as their class will not be constructors in a future version of PHP; Menu has a deprecated constructor in D:\Programs\Web\OSPanel\domains\kavo\classes\menu.class.php on line 2
[02-Nov-2019 17:42:06 Europe/Moscow] PHP Warning:  Invalid argument supplied for foreach() in D:\Programs\Web\OSPanel\domains\kavo\classes\user.class.php on line 39
[02-Nov-2019 17:42:57 Europe/Moscow] PHP Warning:  The first parameter of bindtextdomain must not be empty in D:\Programs\Web\OSPanel\domains\kavo\index.php on line 17
[02-Nov-2019 17:42:57 Europe/Moscow] PHP Deprecated:  Methods with the same name as their class will not be constructors in a future version of PHP; DB has a deprecated constructor in D:\Programs\Web\OSPanel\domains\kavo\classes\db.class.php on line 3
[02-Nov-2019 17:42:57 Europe/Moscow] PHP Deprecated:  Methods with the same name as their class will not be constructors in a future version of PHP; User has a deprecated constructor in D:\Programs\Web\OSPanel\domains\kavo\classes\user.class.php on line 2
[02-Nov-2019 17:42:57 Europe/Moscow] PHP Deprecated:  Methods with the same name as their class will not be constructors in a future version of PHP; Menu has a deprecated constructor in D:\Programs\Web\OSPanel\domains\kavo\classes\menu.class.php on line 2
[02-Nov-2019 17:42:57 Europe/Moscow] PHP Warning:  Invalid argument supplied for foreach() in D:\Programs\Web\OSPanel\domains\kavo\classes\user.class.php on line 39
[02-Nov-2019 17:42:59 Europe/Moscow] PHP Warning:  The first parameter of bindtextdomain must not be empty in D:\Programs\Web\OSPanel\domains\kavo\index.php on line 17
[02-Nov-2019 17:42:59 Europe/Moscow] PHP Deprecated:  Methods with the same name as their class will not be constructors in a future version of PHP; DB has a deprecated constructor in D:\Programs\Web\OSPanel\domains\kavo\classes\db.class.php on line 3
[02-Nov-2019 17:42:59 Europe/Moscow] PHP Deprecated:  Methods with the same name as their class will not be constructors in a future version of PHP; User has a deprecated constructor in D:\Programs\Web\OSPanel\domains\kavo\classes\user.class.php on line 2
[02-Nov-2019 17:42:59 Europe/Moscow] PHP Deprecated:  Methods with the same name as their class will not be constructors in a future version of PHP; Menu has a deprecated constructor in D:\Programs\Web\OSPanel\domains\kavo\classes\menu.class.php on line 2
[02-Nov-2019 17:42:59 Europe/Moscow] PHP Warning:  Invalid argument supplied for foreach() in D:\Programs\Web\OSPanel\domains\kavo\classes\user.class.php on line 39
[02-Nov-2019 17:43:07 Europe/Moscow] PHP Warning:  The first parameter of bindtextdomain must not be empty in D:\Programs\Web\OSPanel\domains\kavo\index.php on line 17
[02-Nov-2019 17:43:07 Europe/Moscow] PHP Deprecated:  Methods with the same name as their class will not be constructors in a future version of PHP; DB has a deprecated constructor in D:\Programs\Web\OSPanel\domains\kavo\classes\db.class.php on line 3
[02-Nov-2019 17:43:07 Europe/Moscow] PHP Deprecated:  Methods with the same name as their class will not be constructors in a future version of PHP; User has a deprecated constructor in D:\Programs\Web\OSPanel\domains\kavo\classes\user.class.php on line 2
[02-Nov-2019 17:43:07 Europe/Moscow] PHP Deprecated:  Methods with the same name as their class will not be constructors in a future version of PHP; Menu has a deprecated constructor in D:\Programs\Web\OSPanel\domains\kavo\classes\menu.class.php on line 2
[02-Nov-2019 17:43:07 Europe/Moscow] PHP Warning:  Invalid argument supplied for foreach() in D:\Programs\Web\OSPanel\domains\kavo\classes\user.class.php on line 39
[02-Nov-2019 18:25:06 Europe/Moscow] PHP Warning:  The first parameter of bindtextdomain must not be empty in D:\Programs\Web\OSPanel\domains\kavo\index.php on line 17
[02-Nov-2019 18:25:06 Europe/Moscow] PHP Deprecated:  Methods with the same name as their class will not be constructors in a future version of PHP; DB has a deprecated constructor in D:\Programs\Web\OSPanel\domains\kavo\classes\db.class.php on line 3
[02-Nov-2019 18:25:06 Europe/Moscow] PHP Deprecated:  Methods with the same name as their class will not be constructors in a future version of PHP; User has a deprecated constructor in D:\Programs\Web\OSPanel\domains\kavo\classes\user.class.php on line 2
[02-Nov-2019 18:25:06 Europe/Moscow] PHP Deprecated:  Methods with the same name as their class will not be constructors in a future version of PHP; Menu has a deprecated constructor in D:\Programs\Web\OSPanel\domains\kavo\classes\menu.class.php on line 2
[02-Nov-2019 18:25:06 Europe/Moscow] PHP Warning:  Invalid argument supplied for foreach() in D:\Programs\Web\OSPanel\domains\kavo\classes\user.class.php on line 39
[02-Nov-2019 18:25:06 Europe/Moscow] PHP Warning:  include(): Filename cannot be empty in D:\Programs\Web\OSPanel\domains\kavo\pages\players.php on line 6
[02-Nov-2019 18:25:06 Europe/Moscow] PHP Warning:  include(): Failed opening '' for inclusion (include_path='.') in D:\Programs\Web\OSPanel\domains\kavo\pages\players.php on line 6
[02-Nov-2019 18:25:06 Europe/Moscow] PHP Warning:  include(): Filename cannot be empty in D:\Programs\Web\OSPanel\domains\kavo\pages\players.php on line 20
[02-Nov-2019 18:25:06 Europe/Moscow] PHP Warning:  include(): Failed opening '' for inclusion (include_path='.') in D:\Programs\Web\OSPanel\domains\kavo\pages\players.php on line 20
[02-Nov-2019 18:25:10 Europe/Moscow] PHP Warning:  The first parameter of bindtextdomain must not be empty in D:\Programs\Web\OSPanel\domains\kavo\index.php on line 17
[02-Nov-2019 18:25:10 Europe/Moscow] PHP Deprecated:  Methods with the same name as their class will not be constructors in a future version of PHP; DB has a deprecated constructor in D:\Programs\Web\OSPanel\domains\kavo\classes\db.class.php on line 3
[02-Nov-2019 18:25:10 Europe/Moscow] PHP Deprecated:  Methods with the same name as their class will not be constructors in a future version of PHP; User has a deprecated constructor in D:\Programs\Web\OSPanel\domains\kavo\classes\user.class.php on line 2
[02-Nov-2019 18:25:10 Europe/Moscow] PHP Deprecated:  Methods with the same name as their class will not be constructors in a future version of PHP; Menu has a deprecated constructor in D:\Programs\Web\OSPanel\domains\kavo\classes\menu.class.php on line 2
[02-Nov-2019 18:25:10 Europe/Moscow] PHP Warning:  Invalid argument supplied for foreach() in D:\Programs\Web\OSPanel\domains\kavo\classes\user.class.php on line 39
[02-Nov-2019 18:25:10 Europe/Moscow] PHP Warning:  include(): Filename cannot be empty in D:\Programs\Web\OSPanel\domains\kavo\pages\players.php on line 6
[02-Nov-2019 18:25:10 Europe/Moscow] PHP Warning:  include(): Failed opening '' for inclusion (include_path='.') in D:\Programs\Web\OSPanel\domains\kavo\pages\players.php on line 6
[02-Nov-2019 18:25:10 Europe/Moscow] PHP Warning:  include(): Filename cannot be empty in D:\Programs\Web\OSPanel\domains\kavo\pages\players.php on line 20
[02-Nov-2019 18:25:10 Europe/Moscow] PHP Warning:  include(): Failed opening '' for inclusion (include_path='.') in D:\Programs\Web\OSPanel\domains\kavo\pages\players.php on line 20
[02-Nov-2019 18:25:13 Europe/Moscow] PHP Warning:  The first parameter of bindtextdomain must not be empty in D:\Programs\Web\OSPanel\domains\kavo\index.php on line 17
[02-Nov-2019 18:25:13 Europe/Moscow] PHP Deprecated:  Methods with the same name as their class will not be constructors in a future version of PHP; DB has a deprecated constructor in D:\Programs\Web\OSPanel\domains\kavo\classes\db.class.php on line 3
[02-Nov-2019 18:25:13 Europe/Moscow] PHP Deprecated:  Methods with the same name as their class will not be constructors in a future version of PHP; User has a deprecated constructor in D:\Programs\Web\OSPanel\domains\kavo\classes\user.class.php on line 2
[02-Nov-2019 18:25:13 Europe/Moscow] PHP Deprecated:  Methods with the same name as their class will not be constructors in a future version of PHP; Menu has a deprecated constructor in D:\Programs\Web\OSPanel\domains\kavo\classes\menu.class.php on line 2
[02-Nov-2019 18:25:13 Europe/Moscow] PHP Warning:  Invalid argument supplied for foreach() in D:\Programs\Web\OSPanel\domains\kavo\classes\user.class.php on line 39
[02-Nov-2019 18:25:13 Europe/Moscow] PHP Warning:  include(): Filename cannot be empty in D:\Programs\Web\OSPanel\domains\kavo\pages\servers.php on line 32
[02-Nov-2019 18:25:13 Europe/Moscow] PHP Warning:  include(): Failed opening '' for inclusion (include_path='.') in D:\Programs\Web\OSPanel\domains\kavo\pages\servers.php on line 32
[02-Nov-2019 18:25:13 Europe/Moscow] PHP Warning:  include(): Filename cannot be empty in D:\Programs\Web\OSPanel\domains\kavo\pages\servers.php on line 42
[02-Nov-2019 18:25:13 Europe/Moscow] PHP Warning:  include(): Failed opening '' for inclusion (include_path='.') in D:\Programs\Web\OSPanel\domains\kavo\pages\servers.php on line 42
[02-Nov-2019 18:25:15 Europe/Moscow] PHP Warning:  The first parameter of bindtextdomain must not be empty in D:\Programs\Web\OSPanel\domains\kavo\index.php on line 17
[02-Nov-2019 18:25:15 Europe/Moscow] PHP Deprecated:  Methods with the same name as their class will not be constructors in a future version of PHP; DB has a deprecated constructor in D:\Programs\Web\OSPanel\domains\kavo\classes\db.class.php on line 3
[02-Nov-2019 18:25:15 Europe/Moscow] PHP Deprecated:  Methods with the same name as their class will not be constructors in a future version of PHP; User has a deprecated constructor in D:\Programs\Web\OSPanel\domains\kavo\classes\user.class.php on line 2
[02-Nov-2019 18:25:15 Europe/Moscow] PHP Deprecated:  Methods with the same name as their class will not be constructors in a future version of PHP; Menu has a deprecated constructor in D:\Programs\Web\OSPanel\domains\kavo\classes\menu.class.php on line 2
[02-Nov-2019 18:25:15 Europe/Moscow] PHP Warning:  Invalid argument supplied for foreach() in D:\Programs\Web\OSPanel\domains\kavo\classes\user.class.php on line 39
[02-Nov-2019 18:25:22 Europe/Moscow] PHP Warning:  The first parameter of bindtextdomain must not be empty in D:\Programs\Web\OSPanel\domains\kavo\index.php on line 17
[02-Nov-2019 18:25:22 Europe/Moscow] PHP Deprecated:  Methods with the same name as their class will not be constructors in a future version of PHP; DB has a deprecated constructor in D:\Programs\Web\OSPanel\domains\kavo\classes\db.class.php on line 3
[02-Nov-2019 18:25:22 Europe/Moscow] PHP Deprecated:  Methods with the same name as their class will not be constructors in a future version of PHP; User has a deprecated constructor in D:\Programs\Web\OSPanel\domains\kavo\classes\user.class.php on line 2
[02-Nov-2019 18:25:22 Europe/Moscow] PHP Deprecated:  Methods with the same name as their class will not be constructors in a future version of PHP; Menu has a deprecated constructor in D:\Programs\Web\OSPanel\domains\kavo\classes\menu.class.php on line 2
[02-Nov-2019 18:25:22 Europe/Moscow] PHP Warning:  Invalid argument supplied for foreach() in D:\Programs\Web\OSPanel\domains\kavo\classes\user.class.php on line 39
[02-Nov-2019 18:25:25 Europe/Moscow] PHP Warning:  The first parameter of bindtextdomain must not be empty in D:\Programs\Web\OSPanel\domains\kavo\index.php on line 17
[02-Nov-2019 18:25:25 Europe/Moscow] PHP Deprecated:  Methods with the same name as their class will not be constructors in a future version of PHP; DB has a deprecated constructor in D:\Programs\Web\OSPanel\domains\kavo\classes\db.class.php on line 3
[02-Nov-2019 18:25:25 Europe/Moscow] PHP Deprecated:  Methods with the same name as their class will not be constructors in a future version of PHP; User has a deprecated constructor in D:\Programs\Web\OSPanel\domains\kavo\classes\user.class.php on line 2
[02-Nov-2019 18:25:25 Europe/Moscow] PHP Deprecated:  Methods with the same name as their class will not be constructors in a future version of PHP; Menu has a deprecated constructor in D:\Programs\Web\OSPanel\domains\kavo\classes\menu.class.php on line 2
[02-Nov-2019 18:25:25 Europe/Moscow] PHP Warning:  Invalid argument supplied for foreach() in D:\Programs\Web\OSPanel\domains\kavo\classes\user.class.php on line 39
[02-Nov-2019 18:25:25 Europe/Moscow] PHP Warning:  include(): Filename cannot be empty in D:\Programs\Web\OSPanel\domains\kavo\pages\nvr.php on line 6
[02-Nov-2019 18:25:25 Europe/Moscow] PHP Warning:  include(): Failed opening '' for inclusion (include_path='.') in D:\Programs\Web\OSPanel\domains\kavo\pages\nvr.php on line 6
[02-Nov-2019 18:25:25 Europe/Moscow] PHP Warning:  include(): Filename cannot be empty in D:\Programs\Web\OSPanel\domains\kavo\pages\nvr.php on line 9
[02-Nov-2019 18:25:25 Europe/Moscow] PHP Warning:  include(): Failed opening '' for inclusion (include_path='.') in D:\Programs\Web\OSPanel\domains\kavo\pages\nvr.php on line 9
[02-Nov-2019 18:25:34 Europe/Moscow] PHP Warning:  The first parameter of bindtextdomain must not be empty in D:\Programs\Web\OSPanel\domains\kavo\index.php on line 17
[02-Nov-2019 18:25:34 Europe/Moscow] PHP Deprecated:  Methods with the same name as their class will not be constructors in a future version of PHP; DB has a deprecated constructor in D:\Programs\Web\OSPanel\domains\kavo\classes\db.class.php on line 3
[02-Nov-2019 18:25:34 Europe/Moscow] PHP Deprecated:  Methods with the same name as their class will not be constructors in a future version of PHP; User has a deprecated constructor in D:\Programs\Web\OSPanel\domains\kavo\classes\user.class.php on line 2
[02-Nov-2019 18:25:34 Europe/Moscow] PHP Deprecated:  Methods with the same name as their class will not be constructors in a future version of PHP; Menu has a deprecated constructor in D:\Programs\Web\OSPanel\domains\kavo\classes\menu.class.php on line 2
[02-Nov-2019 18:25:34 Europe/Moscow] PHP Warning:  Invalid argument supplied for foreach() in D:\Programs\Web\OSPanel\domains\kavo\classes\user.class.php on line 39
[02-Nov-2019 18:25:35 Europe/Moscow] PHP Warning:  The first parameter of bindtextdomain must not be empty in D:\Programs\Web\OSPanel\domains\kavo\index.php on line 17
[02-Nov-2019 18:25:35 Europe/Moscow] PHP Deprecated:  Methods with the same name as their class will not be constructors in a future version of PHP; DB has a deprecated constructor in D:\Programs\Web\OSPanel\domains\kavo\classes\db.class.php on line 3
[02-Nov-2019 18:25:35 Europe/Moscow] PHP Deprecated:  Methods with the same name as their class will not be constructors in a future version of PHP; User has a deprecated constructor in D:\Programs\Web\OSPanel\domains\kavo\classes\user.class.php on line 2
[02-Nov-2019 18:25:35 Europe/Moscow] PHP Deprecated:  Methods with the same name as their class will not be constructors in a future version of PHP; Menu has a deprecated constructor in D:\Programs\Web\OSPanel\domains\kavo\classes\menu.class.php on line 2
[02-Nov-2019 18:25:35 Europe/Moscow] PHP Warning:  Invalid argument supplied for foreach() in D:\Programs\Web\OSPanel\domains\kavo\classes\user.class.php on line 39
[02-Nov-2019 18:25:35 Europe/Moscow] PHP Warning:  include(): Filename cannot be empty in D:\Programs\Web\OSPanel\domains\kavo\pages\players.php on line 6
[02-Nov-2019 18:25:35 Europe/Moscow] PHP Warning:  include(): Failed opening '' for inclusion (include_path='.') in D:\Programs\Web\OSPanel\domains\kavo\pages\players.php on line 6
[02-Nov-2019 18:25:35 Europe/Moscow] PHP Warning:  include(): Filename cannot be empty in D:\Programs\Web\OSPanel\domains\kavo\pages\players.php on line 20
[02-Nov-2019 18:25:35 Europe/Moscow] PHP Warning:  include(): Failed opening '' for inclusion (include_path='.') in D:\Programs\Web\OSPanel\domains\kavo\pages\players.php on line 20
[02-Nov-2019 18:26:53 Europe/Moscow] PHP Warning:  The first parameter of bindtextdomain must not be empty in D:\Programs\Web\OSPanel\domains\kavo\index.php on line 17
[02-Nov-2019 18:26:53 Europe/Moscow] PHP Deprecated:  Methods with the same name as their class will not be constructors in a future version of PHP; DB has a deprecated constructor in D:\Programs\Web\OSPanel\domains\kavo\classes\db.class.php on line 3
[02-Nov-2019 18:26:53 Europe/Moscow] PHP Deprecated:  Methods with the same name as their class will not be constructors in a future version of PHP; User has a deprecated constructor in D:\Programs\Web\OSPanel\domains\kavo\classes\user.class.php on line 2
[02-Nov-2019 18:26:53 Europe/Moscow] PHP Deprecated:  Methods with the same name as their class will not be constructors in a future version of PHP; Menu has a deprecated constructor in D:\Programs\Web\OSPanel\domains\kavo\classes\menu.class.php on line 2
[02-Nov-2019 18:26:53 Europe/Moscow] PHP Warning:  Invalid argument supplied for foreach() in D:\Programs\Web\OSPanel\domains\kavo\classes\user.class.php on line 39
[02-Nov-2019 18:28:14 Europe/Moscow] PHP Warning:  The first parameter of bindtextdomain must not be empty in D:\Programs\Web\OSPanel\domains\kavo\index.php on line 17
[02-Nov-2019 18:28:14 Europe/Moscow] PHP Deprecated:  Methods with the same name as their class will not be constructors in a future version of PHP; DB has a deprecated constructor in D:\Programs\Web\OSPanel\domains\kavo\classes\db.class.php on line 3
[02-Nov-2019 18:28:14 Europe/Moscow] PHP Deprecated:  Methods with the same name as their class will not be constructors in a future version of PHP; User has a deprecated constructor in D:\Programs\Web\OSPanel\domains\kavo\classes\user.class.php on line 2
[02-Nov-2019 18:28:14 Europe/Moscow] PHP Deprecated:  Methods with the same name as their class will not be constructors in a future version of PHP; Menu has a deprecated constructor in D:\Programs\Web\OSPanel\domains\kavo\classes\menu.class.php on line 2
[02-Nov-2019 18:28:14 Europe/Moscow] PHP Warning:  Invalid argument supplied for foreach() in D:\Programs\Web\OSPanel\domains\kavo\classes\user.class.php on line 39
[02-Nov-2019 18:28:18 Europe/Moscow] PHP Warning:  The first parameter of bindtextdomain must not be empty in D:\Programs\Web\OSPanel\domains\kavo\index.php on line 17
[02-Nov-2019 18:28:18 Europe/Moscow] PHP Deprecated:  Methods with the same name as their class will not be constructors in a future version of PHP; DB has a deprecated constructor in D:\Programs\Web\OSPanel\domains\kavo\classes\db.class.php on line 3
[02-Nov-2019 18:28:18 Europe/Moscow] PHP Deprecated:  Methods with the same name as their class will not be constructors in a future version of PHP; User has a deprecated constructor in D:\Programs\Web\OSPanel\domains\kavo\classes\user.class.php on line 2
[02-Nov-2019 18:28:18 Europe/Moscow] PHP Deprecated:  Methods with the same name as their class will not be constructors in a future version of PHP; Menu has a deprecated constructor in D:\Programs\Web\OSPanel\domains\kavo\classes\menu.class.php on line 2
[02-Nov-2019 18:28:18 Europe/Moscow] PHP Warning:  Invalid argument supplied for foreach() in D:\Programs\Web\OSPanel\domains\kavo\classes\user.class.php on line 39
[02-Nov-2019 18:28:43 Europe/Moscow] PHP Warning:  The first parameter of bindtextdomain must not be empty in D:\Programs\Web\OSPanel\domains\kavo\index.php on line 17
[02-Nov-2019 18:28:43 Europe/Moscow] PHP Deprecated:  Methods with the same name as their class will not be constructors in a future version of PHP; DB has a deprecated constructor in D:\Programs\Web\OSPanel\domains\kavo\classes\db.class.php on line 3
[02-Nov-2019 18:28:43 Europe/Moscow] PHP Deprecated:  Methods with the same name as their class will not be constructors in a future version of PHP; User has a deprecated constructor in D:\Programs\Web\OSPanel\domains\kavo\classes\user.class.php on line 2
[02-Nov-2019 18:28:43 Europe/Moscow] PHP Deprecated:  Methods with the same name as their class will not be constructors in a future version of PHP; Menu has a deprecated constructor in D:\Programs\Web\OSPanel\domains\kavo\classes\menu.class.php on line 2
[02-Nov-2019 18:28:43 Europe/Moscow] PHP Warning:  Invalid argument supplied for foreach() in D:\Programs\Web\OSPanel\domains\kavo\classes\user.class.php on line 39
[02-Nov-2019 18:28:51 Europe/Moscow] PHP Warning:  The first parameter of bindtextdomain must not be empty in D:\Programs\Web\OSPanel\domains\kavo\index.php on line 17
[02-Nov-2019 18:28:51 Europe/Moscow] PHP Deprecated:  Methods with the same name as their class will not be constructors in a future version of PHP; DB has a deprecated constructor in D:\Programs\Web\OSPanel\domains\kavo\classes\db.class.php on line 3
[02-Nov-2019 18:28:51 Europe/Moscow] PHP Deprecated:  Methods with the same name as their class will not be constructors in a future version of PHP; User has a deprecated constructor in D:\Programs\Web\OSPanel\domains\kavo\classes\user.class.php on line 2
[02-Nov-2019 18:28:51 Europe/Moscow] PHP Deprecated:  Methods with the same name as their class will not be constructors in a future version of PHP; Menu has a deprecated constructor in D:\Programs\Web\OSPanel\domains\kavo\classes\menu.class.php on line 2
[02-Nov-2019 18:28:51 Europe/Moscow] PHP Warning:  Invalid argument supplied for foreach() in D:\Programs\Web\OSPanel\domains\kavo\classes\user.class.php on line 39
[02-Nov-2019 18:28:56 Europe/Moscow] PHP Warning:  The first parameter of bindtextdomain must not be empty in D:\Programs\Web\OSPanel\domains\kavo\index.php on line 17
[02-Nov-2019 18:28:56 Europe/Moscow] PHP Deprecated:  Methods with the same name as their class will not be constructors in a future version of PHP; DB has a deprecated constructor in D:\Programs\Web\OSPanel\domains\kavo\classes\db.class.php on line 3
[02-Nov-2019 18:28:56 Europe/Moscow] PHP Deprecated:  Methods with the same name as their class will not be constructors in a future version of PHP; User has a deprecated constructor in D:\Programs\Web\OSPanel\domains\kavo\classes\user.class.php on line 2
[02-Nov-2019 18:28:56 Europe/Moscow] PHP Deprecated:  Methods with the same name as their class will not be constructors in a future version of PHP; Menu has a deprecated constructor in D:\Programs\Web\OSPanel\domains\kavo\classes\menu.class.php on line 2
[02-Nov-2019 18:28:56 Europe/Moscow] PHP Warning:  Invalid argument supplied for foreach() in D:\Programs\Web\OSPanel\domains\kavo\classes\user.class.php on line 39
[02-Nov-2019 18:29:09 Europe/Moscow] PHP Warning:  The first parameter of bindtextdomain must not be empty in D:\Programs\Web\OSPanel\domains\kavo\index.php on line 17
[02-Nov-2019 18:29:09 Europe/Moscow] PHP Deprecated:  Methods with the same name as their class will not be constructors in a future version of PHP; DB has a deprecated constructor in D:\Programs\Web\OSPanel\domains\kavo\classes\db.class.php on line 3
[02-Nov-2019 18:29:09 Europe/Moscow] PHP Deprecated:  Methods with the same name as their class will not be constructors in a future version of PHP; User has a deprecated constructor in D:\Programs\Web\OSPanel\domains\kavo\classes\user.class.php on line 2
[02-Nov-2019 18:29:09 Europe/Moscow] PHP Deprecated:  Methods with the same name as their class will not be constructors in a future version of PHP; Menu has a deprecated constructor in D:\Programs\Web\OSPanel\domains\kavo\classes\menu.class.php on line 2
[02-Nov-2019 18:29:09 Europe/Moscow] PHP Warning:  Invalid argument supplied for foreach() in D:\Programs\Web\OSPanel\domains\kavo\classes\user.class.php on line 39
[02-Nov-2019 18:29:14 Europe/Moscow] PHP Warning:  The first parameter of bindtextdomain must not be empty in D:\Programs\Web\OSPanel\domains\kavo\index.php on line 17
[02-Nov-2019 18:29:14 Europe/Moscow] PHP Deprecated:  Methods with the same name as their class will not be constructors in a future version of PHP; DB has a deprecated constructor in D:\Programs\Web\OSPanel\domains\kavo\classes\db.class.php on line 3
[02-Nov-2019 18:29:14 Europe/Moscow] PHP Deprecated:  Methods with the same name as their class will not be constructors in a future version of PHP; User has a deprecated constructor in D:\Programs\Web\OSPanel\domains\kavo\classes\user.class.php on line 2
[02-Nov-2019 18:29:14 Europe/Moscow] PHP Deprecated:  Methods with the same name as their class will not be constructors in a future version of PHP; Menu has a deprecated constructor in D:\Programs\Web\OSPanel\domains\kavo\classes\menu.class.php on line 2
[02-Nov-2019 18:29:14 Europe/Moscow] PHP Warning:  Invalid argument supplied for foreach() in D:\Programs\Web\OSPanel\domains\kavo\classes\user.class.php on line 39
[02-Nov-2019 18:30:20 Europe/Moscow] PHP Warning:  The first parameter of bindtextdomain must not be empty in D:\Programs\Web\OSPanel\domains\kavo\index.php on line 17
[02-Nov-2019 18:30:20 Europe/Moscow] PHP Deprecated:  Methods with the same name as their class will not be constructors in a future version of PHP; DB has a deprecated constructor in D:\Programs\Web\OSPanel\domains\kavo\classes\db.class.php on line 3
[02-Nov-2019 18:30:20 Europe/Moscow] PHP Deprecated:  Methods with the same name as their class will not be constructors in a future version of PHP; User has a deprecated constructor in D:\Programs\Web\OSPanel\domains\kavo\classes\user.class.php on line 2
[02-Nov-2019 18:30:20 Europe/Moscow] PHP Deprecated:  Methods with the same name as their class will not be constructors in a future version of PHP; Menu has a deprecated constructor in D:\Programs\Web\OSPanel\domains\kavo\classes\menu.class.php on line 2
[02-Nov-2019 18:30:20 Europe/Moscow] PHP Warning:  Invalid argument supplied for foreach() in D:\Programs\Web\OSPanel\domains\kavo\classes\user.class.php on line 39
[02-Nov-2019 18:30:21 Europe/Moscow] PHP Warning:  The first parameter of bindtextdomain must not be empty in D:\Programs\Web\OSPanel\domains\kavo\index.php on line 17
[02-Nov-2019 18:30:21 Europe/Moscow] PHP Deprecated:  Methods with the same name as their class will not be constructors in a future version of PHP; DB has a deprecated constructor in D:\Programs\Web\OSPanel\domains\kavo\classes\db.class.php on line 3
[02-Nov-2019 18:30:21 Europe/Moscow] PHP Deprecated:  Methods with the same name as their class will not be constructors in a future version of PHP; User has a deprecated constructor in D:\Programs\Web\OSPanel\domains\kavo\classes\user.class.php on line 2
[02-Nov-2019 18:30:21 Europe/Moscow] PHP Deprecated:  Methods with the same name as their class will not be constructors in a future version of PHP; Menu has a deprecated constructor in D:\Programs\Web\OSPanel\domains\kavo\classes\menu.class.php on line 2
[02-Nov-2019 18:30:21 Europe/Moscow] PHP Warning:  Invalid argument supplied for foreach() in D:\Programs\Web\OSPanel\domains\kavo\classes\user.class.php on line 39
[02-Nov-2019 18:30:57 Europe/Moscow] PHP Warning:  The first parameter of bindtextdomain must not be empty in D:\Programs\Web\OSPanel\domains\kavo\index.php on line 17
[02-Nov-2019 18:30:57 Europe/Moscow] PHP Deprecated:  Methods with the same name as their class will not be constructors in a future version of PHP; DB has a deprecated constructor in D:\Programs\Web\OSPanel\domains\kavo\classes\db.class.php on line 3
[02-Nov-2019 18:30:57 Europe/Moscow] PHP Deprecated:  Methods with the same name as their class will not be constructors in a future version of PHP; User has a deprecated constructor in D:\Programs\Web\OSPanel\domains\kavo\classes\user.class.php on line 2
[02-Nov-2019 18:30:57 Europe/Moscow] PHP Deprecated:  Methods with the same name as their class will not be constructors in a future version of PHP; Menu has a deprecated constructor in D:\Programs\Web\OSPanel\domains\kavo\classes\menu.class.php on line 2
[02-Nov-2019 18:30:57 Europe/Moscow] PHP Warning:  Invalid argument supplied for foreach() in D:\Programs\Web\OSPanel\domains\kavo\classes\user.class.php on line 39
[02-Nov-2019 18:31:00 Europe/Moscow] PHP Warning:  The first parameter of bindtextdomain must not be empty in D:\Programs\Web\OSPanel\domains\kavo\index.php on line 17
[02-Nov-2019 18:31:00 Europe/Moscow] PHP Deprecated:  Methods with the same name as their class will not be constructors in a future version of PHP; DB has a deprecated constructor in D:\Programs\Web\OSPanel\domains\kavo\classes\db.class.php on line 3
[02-Nov-2019 18:31:00 Europe/Moscow] PHP Deprecated:  Methods with the same name as their class will not be constructors in a future version of PHP; User has a deprecated constructor in D:\Programs\Web\OSPanel\domains\kavo\classes\user.class.php on line 2
[02-Nov-2019 18:31:00 Europe/Moscow] PHP Deprecated:  Methods with the same name as their class will not be constructors in a future version of PHP; Menu has a deprecated constructor in D:\Programs\Web\OSPanel\domains\kavo\classes\menu.class.php on line 2
[02-Nov-2019 18:31:00 Europe/Moscow] PHP Warning:  Invalid argument supplied for foreach() in D:\Programs\Web\OSPanel\domains\kavo\classes\user.class.php on line 39
[02-Nov-2019 18:31:30 Europe/Moscow] PHP Warning:  The first parameter of bindtextdomain must not be empty in D:\Programs\Web\OSPanel\domains\kavo\index.php on line 17
[02-Nov-2019 18:31:30 Europe/Moscow] PHP Deprecated:  Methods with the same name as their class will not be constructors in a future version of PHP; DB has a deprecated constructor in D:\Programs\Web\OSPanel\domains\kavo\classes\db.class.php on line 3
[02-Nov-2019 18:31:30 Europe/Moscow] PHP Deprecated:  Methods with the same name as their class will not be constructors in a future version of PHP; User has a deprecated constructor in D:\Programs\Web\OSPanel\domains\kavo\classes\user.class.php on line 2
[02-Nov-2019 18:31:30 Europe/Moscow] PHP Deprecated:  Methods with the same name as their class will not be constructors in a future version of PHP; Menu has a deprecated constructor in D:\Programs\Web\OSPanel\domains\kavo\classes\menu.class.php on line 2
[02-Nov-2019 18:31:30 Europe/Moscow] PHP Warning:  Invalid argument supplied for foreach() in D:\Programs\Web\OSPanel\domains\kavo\classes\user.class.php on line 39
[02-Nov-2019 18:32:36 Europe/Moscow] PHP Warning:  The first parameter of bindtextdomain must not be empty in D:\Programs\Web\OSPanel\domains\kavo\index.php on line 17
[02-Nov-2019 18:32:36 Europe/Moscow] PHP Deprecated:  Methods with the same name as their class will not be constructors in a future version of PHP; DB has a deprecated constructor in D:\Programs\Web\OSPanel\domains\kavo\classes\db.class.php on line 3
[02-Nov-2019 18:32:36 Europe/Moscow] PHP Deprecated:  Methods with the same name as their class will not be constructors in a future version of PHP; User has a deprecated constructor in D:\Programs\Web\OSPanel\domains\kavo\classes\user.class.php on line 2
[02-Nov-2019 18:32:36 Europe/Moscow] PHP Deprecated:  Methods with the same name as their class will not be constructors in a future version of PHP; Menu has a deprecated constructor in D:\Programs\Web\OSPanel\domains\kavo\classes\menu.class.php on line 2
[02-Nov-2019 18:32:36 Europe/Moscow] PHP Warning:  Invalid argument supplied for foreach() in D:\Programs\Web\OSPanel\domains\kavo\classes\user.class.php on line 39
[02-Nov-2019 18:32:50 Europe/Moscow] PHP Warning:  The first parameter of bindtextdomain must not be empty in D:\Programs\Web\OSPanel\domains\kavo\index.php on line 17
[02-Nov-2019 18:32:50 Europe/Moscow] PHP Deprecated:  Methods with the same name as their class will not be constructors in a future version of PHP; DB has a deprecated constructor in D:\Programs\Web\OSPanel\domains\kavo\classes\db.class.php on line 3
[02-Nov-2019 18:32:50 Europe/Moscow] PHP Deprecated:  Methods with the same name as their class will not be constructors in a future version of PHP; User has a deprecated constructor in D:\Programs\Web\OSPanel\domains\kavo\classes\user.class.php on line 2
[02-Nov-2019 18:32:50 Europe/Moscow] PHP Deprecated:  Methods with the same name as their class will not be constructors in a future version of PHP; Menu has a deprecated constructor in D:\Programs\Web\OSPanel\domains\kavo\classes\menu.class.php on line 2
[02-Nov-2019 18:32:50 Europe/Moscow] PHP Warning:  Invalid argument supplied for foreach() in D:\Programs\Web\OSPanel\domains\kavo\classes\user.class.php on line 39
[02-Nov-2019 18:34:02 Europe/Moscow] PHP Warning:  The first parameter of bindtextdomain must not be empty in D:\Programs\Web\OSPanel\domains\kavo\index.php on line 17
[02-Nov-2019 18:34:02 Europe/Moscow] PHP Deprecated:  Methods with the same name as their class will not be constructors in a future version of PHP; DB has a deprecated constructor in D:\Programs\Web\OSPanel\domains\kavo\classes\db.class.php on line 3
[02-Nov-2019 18:34:02 Europe/Moscow] PHP Deprecated:  Methods with the same name as their class will not be constructors in a future version of PHP; User has a deprecated constructor in D:\Programs\Web\OSPanel\domains\kavo\classes\user.class.php on line 2
[02-Nov-2019 18:34:02 Europe/Moscow] PHP Deprecated:  Methods with the same name as their class will not be constructors in a future version of PHP; Menu has a deprecated constructor in D:\Programs\Web\OSPanel\domains\kavo\classes\menu.class.php on line 2
[02-Nov-2019 18:34:02 Europe/Moscow] PHP Warning:  Invalid argument supplied for foreach() in D:\Programs\Web\OSPanel\domains\kavo\classes\user.class.php on line 39
[02-Nov-2019 18:34:50 Europe/Moscow] PHP Warning:  The first parameter of bindtextdomain must not be empty in D:\Programs\Web\OSPanel\domains\kavo\index.php on line 17
[02-Nov-2019 18:34:50 Europe/Moscow] PHP Deprecated:  Methods with the same name as their class will not be constructors in a future version of PHP; DB has a deprecated constructor in D:\Programs\Web\OSPanel\domains\kavo\classes\db.class.php on line 3
[02-Nov-2019 18:34:50 Europe/Moscow] PHP Deprecated:  Methods with the same name as their class will not be constructors in a future version of PHP; User has a deprecated constructor in D:\Programs\Web\OSPanel\domains\kavo\classes\user.class.php on line 2
[02-Nov-2019 18:34:50 Europe/Moscow] PHP Deprecated:  Methods with the same name as their class will not be constructors in a future version of PHP; Menu has a deprecated constructor in D:\Programs\Web\OSPanel\domains\kavo\classes\menu.class.php on line 2
[02-Nov-2019 18:34:50 Europe/Moscow] PHP Warning:  Invalid argument supplied for foreach() in D:\Programs\Web\OSPanel\domains\kavo\classes\user.class.php on line 39
[02-Nov-2019 18:35:39 Europe/Moscow] PHP Warning:  The first parameter of bindtextdomain must not be empty in D:\Programs\Web\OSPanel\domains\kavo\index.php on line 17
[02-Nov-2019 18:35:39 Europe/Moscow] PHP Deprecated:  Methods with the same name as their class will not be constructors in a future version of PHP; DB has a deprecated constructor in D:\Programs\Web\OSPanel\domains\kavo\classes\db.class.php on line 3
[02-Nov-2019 18:35:39 Europe/Moscow] PHP Deprecated:  Methods with the same name as their class will not be constructors in a future version of PHP; User has a deprecated constructor in D:\Programs\Web\OSPanel\domains\kavo\classes\user.class.php on line 2
[02-Nov-2019 18:35:39 Europe/Moscow] PHP Deprecated:  Methods with the same name as their class will not be constructors in a future version of PHP; Menu has a deprecated constructor in D:\Programs\Web\OSPanel\domains\kavo\classes\menu.class.php on line 2
[02-Nov-2019 18:35:39 Europe/Moscow] PHP Warning:  Invalid argument supplied for foreach() in D:\Programs\Web\OSPanel\domains\kavo\classes\user.class.php on line 39
[02-Nov-2019 18:35:43 Europe/Moscow] PHP Warning:  The first parameter of bindtextdomain must not be empty in D:\Programs\Web\OSPanel\domains\kavo\index.php on line 17
[02-Nov-2019 18:35:43 Europe/Moscow] PHP Deprecated:  Methods with the same name as their class will not be constructors in a future version of PHP; DB has a deprecated constructor in D:\Programs\Web\OSPanel\domains\kavo\classes\db.class.php on line 3
[02-Nov-2019 18:35:43 Europe/Moscow] PHP Deprecated:  Methods with the same name as their class will not be constructors in a future version of PHP; User has a deprecated constructor in D:\Programs\Web\OSPanel\domains\kavo\classes\user.class.php on line 2
[02-Nov-2019 18:35:43 Europe/Moscow] PHP Deprecated:  Methods with the same name as their class will not be constructors in a future version of PHP; Menu has a deprecated constructor in D:\Programs\Web\OSPanel\domains\kavo\classes\menu.class.php on line 2
[02-Nov-2019 18:35:43 Europe/Moscow] PHP Warning:  Invalid argument supplied for foreach() in D:\Programs\Web\OSPanel\domains\kavo\classes\user.class.php on line 39
